<?xml version="1.0" encoding="UTF-8"?>
<!-- Generated by org.testng.reporters.JUnitReportReporter -->
<testsuite hostname="DESKTOP-D8F1F99" failures="0" tests="1" name="Mindpool.Tests.EndToEndTest" time="117.357" errors="0" timestamp="2023-01-09T06:04:06 GST" skipped="0">
  <testcase classname="Mindpool.Tests.EndToEndTest" name="submitInsurance" time="117.357"/>
  <system-out/>
</testsuite> <!-- Mindpool.Tests.EndToEndTest -->
